# JRE version: OpenJDK Runtime Environment Temurin-21.0.6+7 (21.0.6+7) (build 21.0.6+7-LTS)
# Java VM: OpenJDK 64-Bit Server VM Temurin-21.0.6+7 (21.0.6+7-LTS, mixed mode, sharing, tiered, compressed oops, compressed class ptrs, g1 gc, windows-amd64)
GC Precious Log:
 CardTable entry size: 512
 Card Set container configuration: InlinePtr #cards 5 size 8 Array Of Cards #cards 12 size 40 Howl #buckets 4 coarsen threshold 1843 Howl Bitmap #cards 512 size 80 coarsen threshold 460 Card regions per heap region 1 cards per card region 2048
 CPUs: 8 total, 8 available
 Memory: 8044M
 Large Page Support: Disabled
 NUMA Support: Disabled
 Compressed Oops: Enabled (32-bit)
 Heap Region Size: 1M
 Heap Min Capacity: 8M
 Heap Initial Capacity: 126M
 Heap Max Capacity: 2012M
 Pre-touch: Disabled
 Parallel Workers: 8
 Concurrent Workers: 2
 Concurrent Refinement Workers: 8
 Periodic GC: Disabled
Heap:
 garbage-first heap   total 124928K, used 66029K [0x0000000082400000, 0x0000000100000000)
  region size 1024K, 15 young (15360K), 2 survivors (2048K)
 Metaspace       used 101130K, committed 102016K, reserved 1179648K
  class space    used 13662K, committed 14080K, reserved 1048576K
GC Heap History (20 events):
Event: 386.127 GC heap before
{Heap before GC invocations=42 (full 1):
 garbage-first heap   total 103424K, used 89665K [0x0000000082400000, 0x0000000100000000)
  region size 1024K, 45 young (46080K), 4 survivors (4096K)
 Metaspace       used 100130K, committed 100992K, reserved 1179648K
  class space    used 13610K, committed 14016K, reserved 1048576K
}
Event: 386.132 GC heap after
{Heap after GC invocations=43 (full 1):
 garbage-first heap   total 103424K, used 48679K [0x0000000082400000, 0x0000000100000000)
  region size 1024K, 4 young (4096K), 4 survivors (4096K)
 Metaspace       used 100130K, committed 100992K, reserved 1179648K
  class space    used 13610K, committed 14016K, reserved 1048576K
}
Event: 386.570 GC heap before
{Heap before GC invocations=44 (full 1):
 garbage-first heap   total 103424K, used 89639K [0x0000000082400000, 0x0000000100000000)
  region size 1024K, 44 young (45056K), 4 survivors (4096K)
 Metaspace       used 100176K, committed 101056K, reserved 1179648K
  class space    used 13610K, committed 14016K, reserved 1048576K
}
Event: 386.576 GC heap after
{Heap after GC invocations=45 (full 1):
 garbage-first heap   total 103424K, used 49633K [0x0000000082400000, 0x0000000100000000)
  region size 1024K, 3 young (3072K), 3 survivors (3072K)
 Metaspace       used 100176K, committed 101056K, reserved 1179648K
  class space    used 13610K, committed 14016K, reserved 1048576K
}
Event: 396.530 GC heap before
{Heap before GC invocations=45 (full 1):
 garbage-first heap   total 103424K, used 87521K [0x0000000082400000, 0x0000000100000000)
  region size 1024K, 41 young (41984K), 3 survivors (3072K)
 Metaspace       used 100226K, committed 101120K, reserved 1179648K
  class space    used 13611K, committed 14016K, reserved 1048576K
}
Event: 396.599 GC heap after
{Heap after GC invocations=46 (full 2):
 garbage-first heap   total 103424K, used 43242K [0x0000000082400000, 0x0000000100000000)
  region size 1024K, 0 young (0K), 0 survivors (0K)
 Metaspace       used 100222K, committed 101120K, reserved 1179648K
  class space    used 13610K, committed 14016K, reserved 1048576K
}
Event: 397.453 GC heap before
{Heap before GC invocations=46 (full 2):
 garbage-first heap   total 103424K, used 92394K [0x0000000082400000, 0x0000000100000000)
  region size 1024K, 48 young (49152K), 0 survivors (0K)
 Metaspace       used 100353K, committed 101248K, reserved 1179648K
  class space    used 13617K, committed 14016K, reserved 1048576K
}
Event: 397.458 GC heap after
{Heap after GC invocations=47 (full 2):
 garbage-first heap   total 103424K, used 47676K [0x0000000082400000, 0x0000000100000000)
  region size 1024K, 5 young (5120K), 5 survivors (5120K)
 Metaspace       used 100353K, committed 101248K, reserved 1179648K
  class space    used 13617K, committed 14016K, reserved 1048576K
}
Event: 397.950 GC heap before
{Heap before GC invocations=48 (full 2):
 garbage-first heap   total 103424K, used 87612K [0x0000000082400000, 0x0000000100000000)
  region size 1024K, 45 young (46080K), 5 survivors (5120K)
 Metaspace       used 100398K, committed 101248K, reserved 1179648K
  class space    used 13617K, committed 14016K, reserved 1048576K
}
Event: 397.956 GC heap after
{Heap after GC invocations=49 (full 2):
 garbage-first heap   total 103424K, used 49023K [0x0000000082400000, 0x0000000100000000)
  region size 1024K, 2 young (2048K), 2 survivors (2048K)
 Metaspace       used 100398K, committed 101248K, reserved 1179648K
  class space    used 13617K, committed 14016K, reserved 1048576K
}
Event: 398.550 GC heap before
{Heap before GC invocations=49 (full 2):
 garbage-first heap   total 103424K, used 91007K [0x0000000082400000, 0x0000000100000000)
  region size 1024K, 43 young (44032K), 2 survivors (2048K)
 Metaspace       used 100750K, committed 101696K, reserved 1179648K
  class space    used 13629K, committed 14080K, reserved 1048576K
}
Event: 398.555 GC heap after
{Heap after GC invocations=50 (full 2):
 garbage-first heap   total 103424K, used 51274K [0x0000000082400000, 0x0000000100000000)
  region size 1024K, 4 young (4096K), 4 survivors (4096K)
 Metaspace       used 100750K, committed 101696K, reserved 1179648K
  class space    used 13629K, committed 14080K, reserved 1048576K
}
Event: 398.973 GC heap before
{Heap before GC invocations=50 (full 2):
 garbage-first heap   total 103424K, used 90186K [0x0000000082400000, 0x0000000100000000)
  region size 1024K, 42 young (43008K), 4 survivors (4096K)
 Metaspace       used 100768K, committed 101696K, reserved 1179648K
  class space    used 13630K, committed 14080K, reserved 1048576K
}
Event: 398.977 GC heap after
{Heap after GC invocations=51 (full 2):
 garbage-first heap   total 103424K, used 52165K [0x0000000082400000, 0x0000000100000000)
  region size 1024K, 5 young (5120K), 5 survivors (5120K)
 Metaspace       used 100768K, committed 101696K, reserved 1179648K
  class space    used 13630K, committed 14080K, reserved 1048576K
}
Event: 399.272 GC heap before
{Heap before GC invocations=52 (full 2):
 garbage-first heap   total 103424K, used 89029K [0x0000000082400000, 0x0000000100000000)
  region size 1024K, 41 young (41984K), 5 survivors (5120K)
 Metaspace       used 100788K, committed 101696K, reserved 1179648K
  class space    used 13631K, committed 14080K, reserved 1048576K
}
Event: 399.278 GC heap after
{Heap after GC invocations=53 (full 2):
 garbage-first heap   total 103424K, used 53119K [0x0000000082400000, 0x0000000100000000)
  region size 1024K, 4 young (4096K), 4 survivors (4096K)
 Metaspace       used 100788K, committed 101696K, reserved 1179648K
  class space    used 13631K, committed 14080K, reserved 1048576K
}
Event: 399.523 GC heap before
{Heap before GC invocations=53 (full 2):
 garbage-first heap   total 103424K, used 91007K [0x0000000082400000, 0x0000000100000000)
  region size 1024K, 41 young (41984K), 4 survivors (4096K)
 Metaspace       used 100803K, committed 101696K, reserved 1179648K
  class space    used 13631K, committed 14080K, reserved 1048576K
}
Event: 399.528 GC heap after
{Heap after GC invocations=54 (full 2):
 garbage-first heap   total 103424K, used 54146K [0x0000000082400000, 0x0000000100000000)
  region size 1024K, 4 young (4096K), 4 survivors (4096K)
 Metaspace       used 100803K, committed 101696K, reserved 1179648K
  class space    used 13631K, committed 14080K, reserved 1048576K
}
Event: 922.988 GC heap before
{Heap before GC invocations=54 (full 2):
 garbage-first heap   total 103424K, used 91010K [0x0000000082400000, 0x0000000100000000)
  region size 1024K, 40 young (40960K), 4 survivors (4096K)
 Metaspace       used 101117K, committed 102016K, reserved 1179648K
  class space    used 13662K, committed 14080K, reserved 1048576K
}
Event: 922.994 GC heap after
{Heap after GC invocations=55 (full 2):
 garbage-first heap   total 124928K, used 53741K [0x0000000082400000, 0x0000000100000000)
  region size 1024K, 2 young (2048K), 2 survivors (2048K)
 Metaspace       used 101117K, committed 102016K, reserved 1179648K
  class space    used 13662K, committed 14080K, reserved 1048576K
}

