# JRE version: OpenJDK Runtime Environment Temurin-21.0.6+7 (21.0.6+7) (build 21.0.6+7-LTS)
# Java VM: OpenJDK 64-Bit Server VM Temurin-21.0.6+7 (21.0.6+7-LTS, mixed mode, sharing, tiered, compressed oops, compressed class ptrs, g1 gc, windows-amd64)
GC Precious Log:
 CardTable entry size: 512
 Card Set container configuration: InlinePtr #cards 5 size 8 Array Of Cards #cards 12 size 40 Howl #buckets 4 coarsen threshold 1843 Howl Bitmap #cards 512 size 80 coarsen threshold 460 Card regions per heap region 1 cards per card region 2048
 CPUs: 8 total, 8 available
 Memory: 8044M
 Large Page Support: Disabled
 NUMA Support: Disabled
 Compressed Oops: Enabled (32-bit)
 Heap Region Size: 1M
 Heap Min Capacity: 8M
 Heap Initial Capacity: 126M
 Heap Max Capacity: 2012M
 Pre-touch: Disabled
 Parallel Workers: 8
 Concurrent Workers: 2
 Concurrent Refinement Workers: 8
 Periodic GC: Disabled
Heap:
 garbage-first heap   total 88064K, used 64651K [0x0000000082400000, 0x0000000100000000)
  region size 1024K, 21 young (21504K), 3 survivors (3072K)
 Metaspace       used 90462K, committed 91200K, reserved 1179648K
  class space    used 11768K, committed 12096K, reserved 1048576K
GC Heap History (20 events):
Event: 13150.478 GC heap before
{Heap before GC invocations=43 (full 1):
 garbage-first heap   total 88064K, used 59607K [0x0000000082400000, 0x0000000100000000)
  region size 1024K, 15 young (15360K), 3 survivors (3072K)
 Metaspace       used 89129K, committed 89920K, reserved 1179648K
  class space    used 11740K, committed 12096K, reserved 1048576K
}
Event: 13150.552 GC heap after
{Heap after GC invocations=44 (full 2):
 garbage-first heap   total 88064K, used 39549K [0x0000000082400000, 0x0000000100000000)
  region size 1024K, 0 young (0K), 0 survivors (0K)
 Metaspace       used 89017K, committed 89920K, reserved 1179648K
  class space    used 11713K, committed 12096K, reserved 1048576K
}
Event: 13151.240 GC heap before
{Heap before GC invocations=44 (full 2):
 garbage-first heap   total 88064K, used 76413K [0x0000000082400000, 0x0000000100000000)
  region size 1024K, 36 young (36864K), 0 survivors (0K)
 Metaspace       used 89143K, committed 89984K, reserved 1179648K
  class space    used 11718K, committed 12096K, reserved 1048576K
}
Event: 13151.244 GC heap after
{Heap after GC invocations=45 (full 2):
 garbage-first heap   total 88064K, used 43037K [0x0000000082400000, 0x0000000100000000)
  region size 1024K, 4 young (4096K), 4 survivors (4096K)
 Metaspace       used 89143K, committed 89984K, reserved 1179648K
  class space    used 11718K, committed 12096K, reserved 1048576K
}
Event: 13151.823 GC heap before
{Heap before GC invocations=46 (full 2):
 garbage-first heap   total 88064K, used 76829K [0x0000000082400000, 0x0000000100000000)
  region size 1024K, 36 young (36864K), 4 survivors (4096K)
 Metaspace       used 89237K, committed 90048K, reserved 1179648K
  class space    used 11720K, committed 12096K, reserved 1048576K
}
Event: 13151.827 GC heap after
{Heap after GC invocations=47 (full 2):
 garbage-first heap   total 88064K, used 44279K [0x0000000082400000, 0x0000000100000000)
  region size 1024K, 2 young (2048K), 2 survivors (2048K)
 Metaspace       used 89237K, committed 90048K, reserved 1179648K
  class space    used 11720K, committed 12096K, reserved 1048576K
}
Event: 13152.326 GC heap before
{Heap before GC invocations=47 (full 2):
 garbage-first heap   total 88064K, used 77047K [0x0000000082400000, 0x0000000100000000)
  region size 1024K, 35 young (35840K), 2 survivors (2048K)
 Metaspace       used 89645K, committed 90432K, reserved 1179648K
  class space    used 11736K, committed 12096K, reserved 1048576K
}
Event: 13152.331 GC heap after
{Heap after GC invocations=48 (full 2):
 garbage-first heap   total 88064K, used 46043K [0x0000000082400000, 0x0000000100000000)
  region size 1024K, 4 young (4096K), 4 survivors (4096K)
 Metaspace       used 89645K, committed 90432K, reserved 1179648K
  class space    used 11736K, committed 12096K, reserved 1048576K
}
Event: 13152.541 GC heap before
{Heap before GC invocations=48 (full 2):
 garbage-first heap   total 88064K, used 75739K [0x0000000082400000, 0x0000000100000000)
  region size 1024K, 33 young (33792K), 4 survivors (4096K)
 Metaspace       used 89701K, committed 90432K, reserved 1179648K
  class space    used 11736K, committed 12096K, reserved 1048576K
}
Event: 13152.546 GC heap after
{Heap after GC invocations=49 (full 2):
 garbage-first heap   total 88064K, used 47178K [0x0000000082400000, 0x0000000100000000)
  region size 1024K, 4 young (4096K), 4 survivors (4096K)
 Metaspace       used 89701K, committed 90432K, reserved 1179648K
  class space    used 11736K, committed 12096K, reserved 1048576K
}
Event: 13173.405 GC heap before
{Heap before GC invocations=50 (full 2):
 garbage-first heap   total 88064K, used 60490K [0x0000000082400000, 0x0000000100000000)
  region size 1024K, 18 young (18432K), 4 survivors (4096K)
 Metaspace       used 89783K, committed 90624K, reserved 1179648K
  class space    used 11737K, committed 12096K, reserved 1048576K
}
Event: 13173.471 GC heap after
{Heap after GC invocations=51 (full 3):
 garbage-first heap   total 88064K, used 39983K [0x0000000082400000, 0x0000000100000000)
  region size 1024K, 0 young (0K), 0 survivors (0K)
 Metaspace       used 89780K, committed 90624K, reserved 1179648K
  class space    used 11736K, committed 12096K, reserved 1048576K
}
Event: 13174.012 GC heap before
{Heap before GC invocations=51 (full 3):
 garbage-first heap   total 88064K, used 76847K [0x0000000082400000, 0x0000000100000000)
  region size 1024K, 36 young (36864K), 0 survivors (0K)
 Metaspace       used 89885K, committed 90624K, reserved 1179648K
  class space    used 11744K, committed 12096K, reserved 1048576K
}
Event: 13174.015 GC heap after
{Heap after GC invocations=52 (full 3):
 garbage-first heap   total 88064K, used 43331K [0x0000000082400000, 0x0000000100000000)
  region size 1024K, 4 young (4096K), 4 survivors (4096K)
 Metaspace       used 89885K, committed 90624K, reserved 1179648K
  class space    used 11744K, committed 12096K, reserved 1048576K
}
Event: 13174.317 GC heap before
{Heap before GC invocations=53 (full 3):
 garbage-first heap   total 88064K, used 74051K [0x0000000082400000, 0x0000000100000000)
  region size 1024K, 34 young (34816K), 4 survivors (4096K)
 Metaspace       used 89932K, committed 90688K, reserved 1179648K
  class space    used 11747K, committed 12096K, reserved 1048576K
}
Event: 13174.321 GC heap after
{Heap after GC invocations=54 (full 3):
 garbage-first heap   total 88064K, used 44592K [0x0000000082400000, 0x0000000100000000)
  region size 1024K, 2 young (2048K), 2 survivors (2048K)
 Metaspace       used 89932K, committed 90688K, reserved 1179648K
  class space    used 11747K, committed 12096K, reserved 1048576K
}
Event: 13174.764 GC heap before
{Heap before GC invocations=54 (full 3):
 garbage-first heap   total 88064K, used 76336K [0x0000000082400000, 0x0000000100000000)
  region size 1024K, 33 young (33792K), 2 survivors (2048K)
 Metaspace       used 90317K, committed 91072K, reserved 1179648K
  class space    used 11763K, committed 12096K, reserved 1048576K
}
Event: 13174.768 GC heap after
{Heap after GC invocations=55 (full 3):
 garbage-first heap   total 88064K, used 46149K [0x0000000082400000, 0x0000000100000000)
  region size 1024K, 3 young (3072K), 3 survivors (3072K)
 Metaspace       used 90317K, committed 91072K, reserved 1179648K
  class space    used 11763K, committed 12096K, reserved 1048576K
}
Event: 13174.972 GC heap before
{Heap before GC invocations=55 (full 3):
 garbage-first heap   total 88064K, used 75845K [0x0000000082400000, 0x0000000100000000)
  region size 1024K, 32 young (32768K), 3 survivors (3072K)
 Metaspace       used 90335K, committed 91072K, reserved 1179648K
  class space    used 11763K, committed 12096K, reserved 1048576K
}
Event: 13174.977 GC heap after
{Heap after GC invocations=56 (full 3):
 garbage-first heap   total 88064K, used 47243K [0x0000000082400000, 0x0000000100000000)
  region size 1024K, 3 young (3072K), 3 survivors (3072K)
 Metaspace       used 90335K, committed 91072K, reserved 1179648K
  class space    used 11763K, committed 12096K, reserved 1048576K
}

